k:\c_project\jni_demo1\jni_demo1\x64\debug\jni_demo1.pch
k:\c_project\jni_demo1\jni_demo1\x64\debug\vc120.pdb
k:\c_project\jni_demo1\jni_demo1\x64\debug\vc120.idb
k:\c_project\jni_demo1\jni_demo1\x64\debug\stdafx.obj
k:\c_project\jni_demo1\jni_demo1\x64\debug\jni_demo1.obj
k:\c_project\jni_demo1\jni_demo1\x64\debug\jni_impl.obj
g:\project\c_project\jni_demo1\jni_demo1\x64\debug\jni_demo1.pch
g:\project\c_project\jni_demo1\jni_demo1\x64\debug\vc120.pdb
g:\project\c_project\jni_demo1\jni_demo1\x64\debug\vc120.idb
g:\project\c_project\jni_demo1\jni_demo1\x64\debug\stdafx.obj
g:\project\c_project\jni_demo1\jni_demo1\x64\debug\jni_demo1.obj
k:\c_project\jni_demo1\x64\debug\jni_demo1.lib
k:\c_project\jni_demo1\x64\debug\jni_demo1.exp
k:\c_project\jni_demo1\x64\debug\jni_demo1.ilk
k:\c_project\jni_demo1\x64\debug\jni_demo1.dll
k:\c_project\jni_demo1\x64\debug\jni_demo1.pdb
g:\project\c_project\jni_demo1\jni_demo1\x64\debug\jni_impl.obj
g:\project\c_project\jni_demo1\x64\debug\jni_demo1.pdb
g:\project\c_project\jni_demo1\x64\debug\jni_demo1.dll
g:\project\c_project\jni_demo1\x64\debug\jni_demo1.ilk
g:\project\c_project\jni_demo1\jni_demo1\x64\debug\jni_demo1.tlog\cl.command.1.tlog
g:\project\c_project\jni_demo1\jni_demo1\x64\debug\jni_demo1.tlog\cl.read.1.tlog
g:\project\c_project\jni_demo1\jni_demo1\x64\debug\jni_demo1.tlog\cl.write.1.tlog
g:\project\c_project\jni_demo1\jni_demo1\x64\debug\jni_demo1.tlog\jni_demo1.write.1u.tlog
g:\project\c_project\jni_demo1\jni_demo1\x64\debug\jni_demo1.tlog\link.command.1.tlog
g:\project\c_project\jni_demo1\jni_demo1\x64\debug\jni_demo1.tlog\link.read.1.tlog
g:\project\c_project\jni_demo1\jni_demo1\x64\debug\jni_demo1.tlog\link.write.1.tlog
